HTTP/1.1 301 Moved Permanently
X-Powered-By: Express
Vary: Origin, Accept
Location: https://192.168.0.26/onvif/device_service
Content-Type: text/plain; charset=utf-8
Content-Length: 75
Date: Tue, 24 Nov 2020 11:50:51 GMT
Connection: close

Moved Permanently. Redirecting to https://192.168.0.26/onvif/device_serviceHTTP/1.1 301 Moved Permanently
X-Powered-By: Express
Vary: Origin, Accept
Location: https://192.168.0.26/onvif/device_service
Content-Type: text/plain; charset=utf-8
Content-Length: 75
Date: Tue, 24 Nov 2020 11:50:51 GMT
Connection: close

Moved Permanently. Redirecting to https://192.168.0.26/onvif/device_serviceHTTP/1.1 301 Moved Permanently
X-Powered-By: Express
Vary: Origin, Accept
Location: https://192.168.0.26/onvif/device_service
Content-Type: text/plain; charset=utf-8
Content-Length: 75
Date: Tue, 24 Nov 2020 11:50:51 GMT
Connection: close

Moved Permanently. Redirecting to https://192.168.0.26/onvif/device_serviceHTTP/1.1 301 Moved Permanently
X-Powered-By: Express
Vary: Origin, Accept
Location: https://192.168.0.26/onvif/device_service
Content-Type: text/plain; charset=utf-8
Content-Length: 75
Date: Tue, 24 Nov 2020 11:50:51 GMT
Connection: close

Moved Permanently. Redirecting to https://192.168.0.26/onvif/device_service





HTTP/1.1 405 Method Not Allowed
Server: HP HTTP Server; HP Officejet Pro 8600 - CM749A; Serial Number: CN38GAWGN9060N; Coulomb_base_pp Built:Wed Mar 11, 2020 06:50:02AM {CLP1CN2011AR, ASIC id 0x00320104}
Allow: GET

HTTP/1.1 405 Method Not Allowed
Server: HP HTTP Server; HP Officejet Pro 8600 - CM749A; Serial Number: CN38GAWGN9060N; Coulomb_base_pp Built:Wed Mar 11, 2020 06:50:02AM {CLP1CN2011AR, ASIC id 0x00320104}
Allow: GET

HTTP/1.1 405 Method Not Allowed
Server: HP HTTP Server; HP Officejet Pro 8600 - CM749A; Serial Number: CN38GAWGN9060N; Coulomb_base_pp Built:Wed Mar 11, 2020 06:50:02AM {CLP1CN2011AR, ASIC id 0x00320104}
Allow: GET

HTTP/1.1 405 Method Not Allowed
Server: HP HTTP Server; HP Officejet Pro 8600 - CM749A; Serial Number: CN38GAWGN9060N; Coulomb_base_pp Built:Wed Mar 11, 2020 06:50:02AM {CLP1CN2011AR, ASIC id 0x00320104}
Allow: GET




